This is pdfTeX, Version 3.14159265-2.6-1.40.20 (TeX Live 2019/Debian) (preloaded format=pdflatex 2021.3.7)  18 JUL 2021 01:42
entering extended mode
 restricted \write18 enabled.
 %&-line parsing enabled.
**report.tex
(./report.tex
LaTeX2e <2020-02-02> patch level 2
L3 programming layer <2020-02-14>
(/usr/share/texlive/texmf-dist/tex/latex/base/article.cls
Document Class: article 2019/12/20 v1.4l Standard LaTeX document class
(/usr/share/texlive/texmf-dist/tex/latex/base/size10.clo
File: size10.clo 2019/12/20 v1.4l Standard LaTeX file (size option)
)
\c@part=\count167
\c@section=\count168
\c@subsection=\count169
\c@subsubsection=\count170
\c@paragraph=\count171
\c@subparagraph=\count172
\c@figure=\count173
\c@table=\count174
\abovecaptionskip=\skip47
\belowcaptionskip=\skip48
\bibindent=\dimen134
)
(/usr/share/texlive/texmf-dist/tex/latex/base/inputenc.sty
Package: inputenc 2018/08/11 v1.3c Input encoding file
\inpenc@prehook=\toks14
\inpenc@posthook=\toks15
)
(/usr/share/texlive/texmf-dist/tex/latex/listings/listings.sty
(/usr/share/texlive/texmf-dist/tex/latex/graphics/keyval.sty
Package: keyval 2014/10/28 v1.15 key=value parser (DPC)
\KV@toks@=\toks16
)
\lst@mode=\count175
\lst@gtempboxa=\box45
\lst@token=\toks17
\lst@length=\count176
\lst@currlwidth=\dimen135
\lst@column=\count177
\lst@pos=\count178
\lst@lostspace=\dimen136
\lst@width=\dimen137
\lst@newlines=\count179
\lst@lineno=\count180
\lst@maxwidth=\dimen138

(/usr/share/texlive/texmf-dist/tex/latex/listings/lstmisc.sty
File: lstmisc.sty 2019/09/10 1.8c (Carsten Heinz)
\c@lstnumber=\count181
\lst@skipnumbers=\count182
\lst@framebox=\box46
)
(/usr/share/texlive/texmf-dist/tex/latex/listings/listings.cfg
File: listings.cfg 2019/09/10 1.8c listings configuration
))
Package: listings 2019/09/10 1.8c (Carsten Heinz)

(/usr/share/texlive/texmf-dist/tex/latex/graphics/graphicx.sty
Package: graphicx 2019/11/30 v1.2a Enhanced LaTeX Graphics (DPC,SPQR)

(/usr/share/texlive/texmf-dist/tex/latex/graphics/graphics.sty
Package: graphics 2019/11/30 v1.4a Standard LaTeX Graphics (DPC,SPQR)

(/usr/share/texlive/texmf-dist/tex/latex/graphics/trig.sty
Package: trig 2016/01/03 v1.10 sin cos tan (DPC)
)
(/usr/share/texlive/texmf-dist/tex/latex/graphics-cfg/graphics.cfg
File: graphics.cfg 2016/06/04 v1.11 sample graphics configuration
)
Package graphics Info: Driver file: pdftex.def on input line 105.

(/usr/share/texlive/texmf-dist/tex/latex/graphics-def/pdftex.def
File: pdftex.def 2018/01/08 v1.0l Graphics/color driver for pdftex
))
\Gin@req@height=\dimen139
\Gin@req@width=\dimen140
)
(/usr/share/texlive/texmf-dist/tex/latex/tcolorbox/tcolorbox.sty
Package: tcolorbox 2019/11/15 version 4.22 text color boxes

(/usr/share/texlive/texmf-dist/tex/latex/pgf/basiclayer/pgf.sty
(/usr/share/texlive/texmf-dist/tex/latex/pgf/utilities/pgfrcs.sty
(/usr/share/texlive/texmf-dist/tex/generic/pgf/utilities/pgfutil-common.tex
\pgfutil@everybye=\toks18
\pgfutil@tempdima=\dimen141
\pgfutil@tempdimb=\dimen142

(/usr/share/texlive/texmf-dist/tex/generic/pgf/utilities/pgfutil-common-lists.t
ex)) (/usr/share/texlive/texmf-dist/tex/generic/pgf/utilities/pgfutil-latex.def
\pgfutil@abb=\box47
(/usr/share/texlive/texmf-dist/tex/latex/ms/everyshi.sty
Package: everyshi 2001/05/15 v3.00 EveryShipout Package (MS)
))
(/usr/share/texlive/texmf-dist/tex/generic/pgf/utilities/pgfrcs.code.tex
(/usr/share/texlive/texmf-dist/tex/generic/pgf/pgf.revision.tex)
Package: pgfrcs 2020/01/08 v3.1.5b (3.1.5b)
))
Package: pgf 2020/01/08 v3.1.5b (3.1.5b)

(/usr/share/texlive/texmf-dist/tex/latex/pgf/basiclayer/pgfcore.sty
(/usr/share/texlive/texmf-dist/tex/latex/pgf/systemlayer/pgfsys.sty
(/usr/share/texlive/texmf-dist/tex/generic/pgf/systemlayer/pgfsys.code.tex
Package: pgfsys 2020/01/08 v3.1.5b (3.1.5b)

(/usr/share/texlive/texmf-dist/tex/generic/pgf/utilities/pgfkeys.code.tex
\pgfkeys@pathtoks=\toks19
\pgfkeys@temptoks=\toks20

(/usr/share/texlive/texmf-dist/tex/generic/pgf/utilities/pgfkeysfiltered.code.t
ex
\pgfkeys@tmptoks=\toks21
))
\pgf@x=\dimen143
\pgf@y=\dimen144
\pgf@xa=\dimen145
\pgf@ya=\dimen146
\pgf@xb=\dimen147
\pgf@yb=\dimen148
\pgf@xc=\dimen149
\pgf@yc=\dimen150
\pgf@xd=\dimen151
\pgf@yd=\dimen152
\w@pgf@writea=\write3
\r@pgf@reada=\read2
\c@pgf@counta=\count183
\c@pgf@countb=\count184
\c@pgf@countc=\count185
\c@pgf@countd=\count186
\t@pgf@toka=\toks22
\t@pgf@tokb=\toks23
\t@pgf@tokc=\toks24
\pgf@sys@id@count=\count187
 (/usr/share/texlive/texmf-dist/tex/generic/pgf/systemlayer/pgf.cfg
File: pgf.cfg 2020/01/08 v3.1.5b (3.1.5b)
)
Driver file for pgf: pgfsys-pdftex.def

(/usr/share/texlive/texmf-dist/tex/generic/pgf/systemlayer/pgfsys-pdftex.def
File: pgfsys-pdftex.def 2020/01/08 v3.1.5b (3.1.5b)

(/usr/share/texlive/texmf-dist/tex/generic/pgf/systemlayer/pgfsys-common-pdf.de
f
File: pgfsys-common-pdf.def 2020/01/08 v3.1.5b (3.1.5b)
)))
(/usr/share/texlive/texmf-dist/tex/generic/pgf/systemlayer/pgfsyssoftpath.code.
tex
File: pgfsyssoftpath.code.tex 2020/01/08 v3.1.5b (3.1.5b)
\pgfsyssoftpath@smallbuffer@items=\count188
\pgfsyssoftpath@bigbuffer@items=\count189
)
(/usr/share/texlive/texmf-dist/tex/generic/pgf/systemlayer/pgfsysprotocol.code.
tex
File: pgfsysprotocol.code.tex 2020/01/08 v3.1.5b (3.1.5b)
)) (/usr/share/texlive/texmf-dist/tex/latex/xcolor/xcolor.sty
Package: xcolor 2016/05/11 v2.12 LaTeX color extensions (UK)

(/usr/share/texlive/texmf-dist/tex/latex/graphics-cfg/color.cfg
File: color.cfg 2016/01/02 v1.6 sample color configuration
)
Package xcolor Info: Driver file: pdftex.def on input line 225.
Package xcolor Info: Model `cmy' substituted by `cmy0' on input line 1348.
Package xcolor Info: Model `hsb' substituted by `rgb' on input line 1352.
Package xcolor Info: Model `RGB' extended on input line 1364.
Package xcolor Info: Model `HTML' substituted by `rgb' on input line 1366.
Package xcolor Info: Model `Hsb' substituted by `hsb' on input line 1367.
Package xcolor Info: Model `tHsb' substituted by `hsb' on input line 1368.
Package xcolor Info: Model `HSB' substituted by `hsb' on input line 1369.
Package xcolor Info: Model `Gray' substituted by `gray' on input line 1370.
Package xcolor Info: Model `wave' substituted by `hsb' on input line 1371.
)
(/usr/share/texlive/texmf-dist/tex/generic/pgf/basiclayer/pgfcore.code.tex
Package: pgfcore 2020/01/08 v3.1.5b (3.1.5b)

(/usr/share/texlive/texmf-dist/tex/generic/pgf/math/pgfmath.code.tex
(/usr/share/texlive/texmf-dist/tex/generic/pgf/math/pgfmathcalc.code.tex
(/usr/share/texlive/texmf-dist/tex/generic/pgf/math/pgfmathutil.code.tex)
(/usr/share/texlive/texmf-dist/tex/generic/pgf/math/pgfmathparser.code.tex
\pgfmath@dimen=\dimen153
\pgfmath@count=\count190
\pgfmath@box=\box48
\pgfmath@toks=\toks25
\pgfmath@stack@operand=\toks26
\pgfmath@stack@operation=\toks27
)
(/usr/share/texlive/texmf-dist/tex/generic/pgf/math/pgfmathfunctions.code.tex
(/usr/share/texlive/texmf-dist/tex/generic/pgf/math/pgfmathfunctions.basic.code
.tex)
(/usr/share/texlive/texmf-dist/tex/generic/pgf/math/pgfmathfunctions.trigonomet
ric.code.tex)
(/usr/share/texlive/texmf-dist/tex/generic/pgf/math/pgfmathfunctions.random.cod
e.tex)
(/usr/share/texlive/texmf-dist/tex/generic/pgf/math/pgfmathfunctions.comparison
.code.tex)
(/usr/share/texlive/texmf-dist/tex/generic/pgf/math/pgfmathfunctions.base.code.
tex)
(/usr/share/texlive/texmf-dist/tex/generic/pgf/math/pgfmathfunctions.round.code
.tex)
(/usr/share/texlive/texmf-dist/tex/generic/pgf/math/pgfmathfunctions.misc.code.
tex)
(/usr/share/texlive/texmf-dist/tex/generic/pgf/math/pgfmathfunctions.integerari
thmetics.code.tex)))
(/usr/share/texlive/texmf-dist/tex/generic/pgf/math/pgfmathfloat.code.tex
\c@pgfmathroundto@lastzeros=\count191
))
(/usr/share/texlive/texmf-dist/tex/generic/pgf/math/pgfint.code.tex)
(/usr/share/texlive/texmf-dist/tex/generic/pgf/basiclayer/pgfcorepoints.code.te
x
File: pgfcorepoints.code.tex 2020/01/08 v3.1.5b (3.1.5b)
\pgf@picminx=\dimen154
\pgf@picmaxx=\dimen155
\pgf@picminy=\dimen156
\pgf@picmaxy=\dimen157
\pgf@pathminx=\dimen158
\pgf@pathmaxx=\dimen159
\pgf@pathminy=\dimen160
\pgf@pathmaxy=\dimen161
\pgf@xx=\dimen162
\pgf@xy=\dimen163
\pgf@yx=\dimen164
\pgf@yy=\dimen165
\pgf@zx=\dimen166
\pgf@zy=\dimen167
)
(/usr/share/texlive/texmf-dist/tex/generic/pgf/basiclayer/pgfcorepathconstruct.
code.tex
File: pgfcorepathconstruct.code.tex 2020/01/08 v3.1.5b (3.1.5b)
\pgf@path@lastx=\dimen168
\pgf@path@lasty=\dimen169
)
(/usr/share/texlive/texmf-dist/tex/generic/pgf/basiclayer/pgfcorepathusage.code
.tex
File: pgfcorepathusage.code.tex 2020/01/08 v3.1.5b (3.1.5b)
\pgf@shorten@end@additional=\dimen170
\pgf@shorten@start@additional=\dimen171
)
(/usr/share/texlive/texmf-dist/tex/generic/pgf/basiclayer/pgfcorescopes.code.te
x
File: pgfcorescopes.code.tex 2020/01/08 v3.1.5b (3.1.5b)
\pgfpic=\box49
\pgf@hbox=\box50
\pgf@layerbox@main=\box51
\pgf@picture@serial@count=\count192
)
(/usr/share/texlive/texmf-dist/tex/generic/pgf/basiclayer/pgfcoregraphicstate.c
ode.tex
File: pgfcoregraphicstate.code.tex 2020/01/08 v3.1.5b (3.1.5b)
\pgflinewidth=\dimen172
)
(/usr/share/texlive/texmf-dist/tex/generic/pgf/basiclayer/pgfcoretransformation
s.code.tex
File: pgfcoretransformations.code.tex 2020/01/08 v3.1.5b (3.1.5b)
\pgf@pt@x=\dimen173
\pgf@pt@y=\dimen174
\pgf@pt@temp=\dimen175
)
(/usr/share/texlive/texmf-dist/tex/generic/pgf/basiclayer/pgfcorequick.code.tex
File: pgfcorequick.code.tex 2020/01/08 v3.1.5b (3.1.5b)
)
(/usr/share/texlive/texmf-dist/tex/generic/pgf/basiclayer/pgfcoreobjects.code.t
ex
File: pgfcoreobjects.code.tex 2020/01/08 v3.1.5b (3.1.5b)
)
(/usr/share/texlive/texmf-dist/tex/generic/pgf/basiclayer/pgfcorepathprocessing
.code.tex
File: pgfcorepathprocessing.code.tex 2020/01/08 v3.1.5b (3.1.5b)
)
(/usr/share/texlive/texmf-dist/tex/generic/pgf/basiclayer/pgfcorearrows.code.te
x
File: pgfcorearrows.code.tex 2020/01/08 v3.1.5b (3.1.5b)
\pgfarrowsep=\dimen176
)
(/usr/share/texlive/texmf-dist/tex/generic/pgf/basiclayer/pgfcoreshade.code.tex
File: pgfcoreshade.code.tex 2020/01/08 v3.1.5b (3.1.5b)
\pgf@max=\dimen177
\pgf@sys@shading@range@num=\count193
\pgf@shadingcount=\count194
)
(/usr/share/texlive/texmf-dist/tex/generic/pgf/basiclayer/pgfcoreimage.code.tex
File: pgfcoreimage.code.tex 2020/01/08 v3.1.5b (3.1.5b)

(/usr/share/texlive/texmf-dist/tex/generic/pgf/basiclayer/pgfcoreexternal.code.
tex
File: pgfcoreexternal.code.tex 2020/01/08 v3.1.5b (3.1.5b)
\pgfexternal@startupbox=\box52
))
(/usr/share/texlive/texmf-dist/tex/generic/pgf/basiclayer/pgfcorelayers.code.te
x
File: pgfcorelayers.code.tex 2020/01/08 v3.1.5b (3.1.5b)
)
(/usr/share/texlive/texmf-dist/tex/generic/pgf/basiclayer/pgfcoretransparency.c
ode.tex
File: pgfcoretransparency.code.tex 2020/01/08 v3.1.5b (3.1.5b)
)
(/usr/share/texlive/texmf-dist/tex/generic/pgf/basiclayer/pgfcorepatterns.code.
tex
File: pgfcorepatterns.code.tex 2020/01/08 v3.1.5b (3.1.5b)
)
(/usr/share/texlive/texmf-dist/tex/generic/pgf/basiclayer/pgfcorerdf.code.tex
File: pgfcorerdf.code.tex 2020/01/08 v3.1.5b (3.1.5b)
)))
(/usr/share/texlive/texmf-dist/tex/generic/pgf/modules/pgfmoduleshapes.code.tex
File: pgfmoduleshapes.code.tex 2020/01/08 v3.1.5b (3.1.5b)
\pgfnodeparttextbox=\box53
) (/usr/share/texlive/texmf-dist/tex/generic/pgf/modules/pgfmoduleplot.code.tex
File: pgfmoduleplot.code.tex 2020/01/08 v3.1.5b (3.1.5b)
)
(/usr/share/texlive/texmf-dist/tex/latex/pgf/compatibility/pgfcomp-version-0-65
.sty
Package: pgfcomp-version-0-65 2020/01/08 v3.1.5b (3.1.5b)
\pgf@nodesepstart=\dimen178
\pgf@nodesepend=\dimen179
)
(/usr/share/texlive/texmf-dist/tex/latex/pgf/compatibility/pgfcomp-version-1-18
.sty
Package: pgfcomp-version-1-18 2020/01/08 v3.1.5b (3.1.5b)
)) (/usr/share/texlive/texmf-dist/tex/latex/tools/verbatim.sty
Package: verbatim 2019/11/10 v1.5r LaTeX2e package for verbatim enhancements
\every@verbatim=\toks28
\verbatim@line=\toks29
\verbatim@in@stream=\read3
)
(/usr/share/texlive/texmf-dist/tex/latex/environ/environ.sty
Package: environ 2014/05/04 v0.3 A new way to define environments

(/usr/share/texlive/texmf-dist/tex/latex/trimspaces/trimspaces.sty
Package: trimspaces 2009/09/17 v1.1 Trim spaces around a token list
)
\@envbody=\toks30
)
(/usr/share/texlive/texmf-dist/tex/latex/etoolbox/etoolbox.sty
Package: etoolbox 2019/09/21 v2.5h e-TeX tools for LaTeX (JAW)
\etb@tempcnta=\count195
)
\tcb@titlebox=\box54
\tcb@upperbox=\box55
\tcb@lowerbox=\box56
\tcb@phantombox=\box57
\c@tcbbreakpart=\count196
\c@tcblayer=\count197
\tcolorbox@number=\count198
\tcb@temp=\box58
\tcb@temp=\box59
\tcb@temp=\box60
\tcb@temp=\box61
\tcb@out=\write4
\tcb@record@out=\write5
)

! LaTeX Error: There's no line here to end.

See the LaTeX manual or LaTeX Companion for explanation.
Type  H <return>  for immediate help.
 ...                                              
                                                  
l.11 \linebreak\author
                      {
? 

! Package keyval Error: autogobble undefined.

See the keyval package documentation for explanation.
Type  H <return>  for immediate help.
 ...                                              
                                                  
l.23 \lstset{style=mystyle}
                           
? 

! LaTeX Error: Missing \begin{document}.

See the LaTeX manual or LaTeX Companion for explanation.
Type  H <return>  for immediate help.
 ...                                              
                                                  
l.25 \maketitle
               
? 
LaTeX Font Info:    External font `cmex10' loaded for size
(Font)              <12> on input line 25.
LaTeX Font Info:    External font `cmex10' loaded for size
(Font)              <8> on input line 25.
LaTeX Font Info:    External font `cmex10' loaded for size
(Font)              <6> on input line 25.
(/usr/share/texlive/texmf-dist/tex/latex/l3backend/l3backend-pdfmode.def
File: l3backend-pdfmode.def 2020-02-03 L3 backend support: PDF mode
\l__kernel_color_stack_int=\count199
\l__pdf_internal_box=\box62
)
(./report.aux)
\openout1 = `report.aux'.

LaTeX Font Info:    Checking defaults for OML/cmm/m/it on input line 26.
LaTeX Font Info:    ... okay on input line 26.
LaTeX Font Info:    Checking defaults for OMS/cmsy/m/n on input line 26.
LaTeX Font Info:    ... okay on input line 26.
LaTeX Font Info:    Checking defaults for OT1/cmr/m/n on input line 26.
LaTeX Font Info:    ... okay on input line 26.
LaTeX Font Info:    Checking defaults for T1/cmr/m/n on input line 26.
LaTeX Font Info:    ... okay on input line 26.
LaTeX Font Info:    Checking defaults for TS1/cmr/m/n on input line 26.
LaTeX Font Info:    ... okay on input line 26.
LaTeX Font Info:    Checking defaults for OMX/cmex/m/n on input line 26.
LaTeX Font Info:    ... okay on input line 26.
LaTeX Font Info:    Checking defaults for U/cmr/m/n on input line 26.
LaTeX Font Info:    ... okay on input line 26.
\c@lstlisting=\count266

(/usr/share/texlive/texmf-dist/tex/context/base/mkii/supp-pdf.mkii
[Loading MPS to PDF converter (version 2006.09.02).]
\scratchcounter=\count267
\scratchdimen=\dimen180
\scratchbox=\box63
\nofMPsegments=\count268
\nofMParguments=\count269
\everyMPshowfont=\toks31
\MPscratchCnt=\count270
\MPscratchDim=\dimen181
\MPnumerator=\count271
\makeMPintoPDFobject=\count272
\everyMPtoPDFconversion=\toks32
) (/usr/share/texlive/texmf-dist/tex/latex/epstopdf-pkg/epstopdf-base.sty
Package: epstopdf-base 2020-01-24 v2.11 Base part for package epstopdf
Package epstopdf-base Info: Redefining graphics rule for `.eps' on input line 4
85.

(/usr/share/texlive/texmf-dist/tex/latex/latexconfig/epstopdf-sys.cfg
File: epstopdf-sys.cfg 2010/07/13 v1.3 Configuration of (r)epstopdf for TeX Liv
e
))
ABD: EveryShipout initializing macros
! Undefined control sequence.
\set@color ...\@pdfcolorstack push{\current@color 
                                                  }\aftergroup \reset@color 
l.27 \newpage
             
? 
! Undefined control sequence.
\set@color ...\@pdfcolorstack push{\current@color 
                                                  }\aftergroup \reset@color 
l.27 \newpage
             
? 
[1

{/var/lib/texmf/fonts/map/pdftex/updmap/pdftex.map}]
! Illegal parameter number in definition of \reserved@a.
<to be read again> 
                   M
l.32 \underline{\textbf{#Model M1}}
                                   
? 
! Illegal parameter number in definition of \reserved@b.
<to be read again> 
                   }
l.32 \underline{\textbf{#Model M1}}
                                   
? 
! You can't use `macro parameter character #' in restricted horizontal mode.
<recently read> ##
                  
l.32 \underline{\textbf{#Model M1}}
                                   
? 
LaTeX Font Info:    Trying to load font information for OMS+cmr on input line 5
4.
(/usr/share/texlive/texmf-dist/tex/latex/base/omscmr.fd
File: omscmr.fd 2019/12/16 v2.5j Standard LaTeX font definitions
)
LaTeX Font Info:    Font shape `OMS/cmr/m/n' in size <9> not available
(Font)              Font shape `OMS/cmsy/m/n' tried instead on input line 54.
LaTeX Font Info:    Trying to load font information for OML+cmr on input line 5
5.

(/usr/share/texlive/texmf-dist/tex/latex/base/omlcmr.fd
File: omlcmr.fd 2019/12/16 v2.5j Standard LaTeX font definitions
)
LaTeX Font Info:    Font shape `OML/cmr/m/n' in size <9> not available
(Font)              Font shape `OML/cmm/m/it' tried instead on input line 55.
LaTeX Font Info:    External font `cmex10' loaded for size
(Font)              <9> on input line 55.
LaTeX Font Info:    External font `cmex10' loaded for size
(Font)              <5> on input line 55.

! Undefined control sequence.
\set@color ...\@pdfcolorstack push{\current@color 
                                                  }\aftergroup \reset@color 
l.71 \end{lstlisting}
                     
? 
! Undefined control sequence.
\set@color ...\@pdfcolorstack push{\current@color 
                                                  }\aftergroup \reset@color 
l.72 \end{tcolorbox}
                    
? 
! Undefined control sequence.
\set@color ...\@pdfcolorstack push{\current@color 
                                                  }\aftergroup \reset@color 
l.72 \end{tcolorbox}
                    
? 
[2]

! LaTeX Error: There's no line here to end.

See the LaTeX manual or LaTeX Companion for explanation.
Type  H <return>  for immediate help.
 ...                                              
                                                  
l.84 \\\\
         
? 

! LaTeX Error: There's no line here to end.

See the LaTeX manual or LaTeX Companion for explanation.
Type  H <return>  for immediate help.
 ...                                              
                                                  
l.85 \begin
           {lstlisting}
? 
! Undefined control sequence.
\set@color ...\@pdfcolorstack push{\current@color 
                                                  }\aftergroup \reset@color 
l.94 \end{lstlisting}
                     
? 
! Undefined control sequence.
\set@color ...\@pdfcolorstack push{\current@color 
                                                  }\aftergroup \reset@color 
l.96 \newpage
             
? 
! Undefined control sequence.
\set@color ...\@pdfcolorstack push{\current@color 
                                                  }\aftergroup \reset@color 
l.96 \newpage
             
? 
[3]
Overfull \hbox (13.74902pt too wide) in paragraph at lines 147--148
[][][][][][][][][][][][][][][][][] 
 []


Overfull \hbox (2.64899pt too wide) in paragraph at lines 152--153
[][][][][][][][][][][][] 
 []

! Undefined control sequence.
\set@color ...\@pdfcolorstack push{\current@color 
                                                  }\aftergroup \reset@color 
l.158 \end{lstlisting}
                      
? 

Overfull \vbox (130.91684pt too high) has occurred while \output is active []


! Undefined control sequence.
\set@color ...\@pdfcolorstack push{\current@color 
                                                  }\aftergroup \reset@color 
l.161 \\
        
? 
! Undefined control sequence.
\set@color ...\@pdfcolorstack push{\current@color 
                                                  }\aftergroup \reset@color 
l.161 \\
        
? 
[4]

! LaTeX Error: There's no line here to end.

See the LaTeX manual or LaTeX Companion for explanation.
Type  H <return>  for immediate help.
 ...                                              
                                                  
l.171 \\\\
          
? 

! LaTeX Error: Environment pic1 undefined.

See the LaTeX manual or LaTeX Companion for explanation.
Type  H <return>  for immediate help.
 ...                                              
                                                  
l.179 \begin{pic1}
                  
? 
</home/duc/Pictures/complex_project_1.png, id=26, 652.68843pt x 640.64343pt>
File: /home/duc/Pictures/complex_project_1.png Graphic file (type png)
<use /home/duc/Pictures/complex_project_1.png>
Package pdftex.def Info: /home/duc/Pictures/complex_project_1.png  used on inpu
t line 180.
(pdftex.def)             Requested size: 241.49895pt x 237.04413pt.

! LaTeX Error: \caption outside float.

See the LaTeX manual or LaTeX Companion for explanation.
Type  H <return>  for immediate help.
 ...                                              
                                                  
l.182 \caption
              {Figure 1: Simulation of model M1\_1, following the requiremen...

? 
! Undefined control sequence.
\set@color ...\@pdfcolorstack push{\current@color 
                                                  }\aftergroup \reset@color 
l.182 \caption{F
                igure 1: Simulation of model M1\_1, following the requiremen...

? 
! Undefined control sequence.
\set@color ...\@pdfcolorstack push{\current@color 
                                                  }\aftergroup \reset@color 
l.182 \caption{F
                igure 1: Simulation of model M1\_1, following the requiremen...

? 
[5]

! LaTeX Error: \begin{document} ended by \end{pic1}.

See the LaTeX manual or LaTeX Companion for explanation.
Type  H <return>  for immediate help.
 ...                                              
                                                  
l.183 \end{pic1}
                
? 

! LaTeX Error: Environment pic2 undefined.

See the LaTeX manual or LaTeX Companion for explanation.
Type  H <return>  for immediate help.
 ...                                              
                                                  
l.185 \begin{pic2}
                  
? 
</home/duc/Pictures/complex_project_2.png, id=30, 668.4975pt x 639.89063pt>
File: /home/duc/Pictures/complex_project_2.png Graphic file (type png)
<use /home/duc/Pictures/complex_project_2.png>
Package pdftex.def Info: /home/duc/Pictures/complex_project_2.png  used on inpu
t line 186.
(pdftex.def)             Requested size: 241.49895pt x 231.16109pt.

! LaTeX Error: \caption outside float.

See the LaTeX manual or LaTeX Companion for explanation.
Type  H <return>  for immediate help.
 ...                                              
                                                  
l.188 \caption
              {Figure 2: Simulation of model M1\_1, after three days E indiv...

? 

! LaTeX Error: \begin{document} ended by \end{pic2}.

See the LaTeX manual or LaTeX Companion for explanation.
Type  H <return>  for immediate help.
 ...                                              
                                                  
l.189 \end{pic2}
                
? 

! LaTeX Error: There's no line here to end.

See the LaTeX manual or LaTeX Companion for explanation.
Type  H <return>  for immediate help.
 ...                                              
                                                  
l.190 \\\\
          
? 

! LaTeX Error: Environment pic3 undefined.

See the LaTeX manual or LaTeX Companion for explanation.
Type  H <return>  for immediate help.
 ...                                              
                                                  
l.191 \begin{pic3}
                  
? 
</home/duc/Pictures/complex_project_3.png, id=31, 648.17157pt x 639.13782pt>
File: /home/duc/Pictures/complex_project_3.png Graphic file (type png)
<use /home/duc/Pictures/complex_project_3.png>
Package pdftex.def Info: /home/duc/Pictures/complex_project_3.png  used on inpu
t line 192.
(pdftex.def)             Requested size: 241.49895pt x 238.13521pt.

! LaTeX Error: \caption outside float.

See the LaTeX manual or LaTeX Companion for explanation.
Type  H <return>  for immediate help.
 ...                                              
                                                  
l.194 \caption
              {Figure 3: Simulation of model M1\_1, all E individuals change...

? 
! Undefined control sequence.
\set@color ...\@pdfcolorstack push{\current@color 
                                                  }\aftergroup \reset@color 
l.194 \caption{F
                igure 3: Simulation of model M1\_1, all E individuals change...

? 
! Undefined control sequence.
\set@color ...\@pdfcolorstack push{\current@color 
                                                  }\aftergroup \reset@color 
l.194 \caption{F
                igure 3: Simulation of model M1\_1, all E individuals change...

? 
[6 </home/duc/Pictures/complex_project_1.png (PNG copy)> </home/duc/Pictures/co
mplex_project_2.png (PNG copy)>]

! LaTeX Error: \begin{document} ended by \end{pic3}.

See the LaTeX manual or LaTeX Companion for explanation.
Type  H <return>  for immediate help.
 ...                                              
                                                  
l.195 \end{pic3}
                
? 

! LaTeX Error: There's no line here to end.

See the LaTeX manual or LaTeX Companion for explanation.
Type  H <return>  for immediate help.
 ...                                              
                                                  
l.196 \\\\
          
? 

! LaTeX Error: Environment pic4 undefined.

See the LaTeX manual or LaTeX Companion for explanation.
Type  H <return>  for immediate help.
 ...                                              
                                                  
l.197 \begin{pic4}
                  
? 
</home/duc/Pictures/complex_project_4.png, id=35, 666.99188pt x 641.39626pt>
File: /home/duc/Pictures/complex_project_4.png Graphic file (type png)
<use /home/duc/Pictures/complex_project_4.png>
Package pdftex.def Info: /home/duc/Pictures/complex_project_4.png  used on inpu
t line 198.
(pdftex.def)             Requested size: 241.49895pt x 232.23349pt.

! LaTeX Error: \caption outside float.

See the LaTeX manual or LaTeX Companion for explanation.
Type  H <return>  for immediate help.
 ...                                              
                                                  
l.200 \caption
              {Figure 4: Simulation of model M1\_1, all E individuals become...

? 

! LaTeX Error: \begin{document} ended by \end{pic4}.

See the LaTeX manual or LaTeX Companion for explanation.
Type  H <return>  for immediate help.
 ...                                              
                                                  
l.201 \end{pic4}
                
? 

! LaTeX Error: There's no line here to end.

See the LaTeX manual or LaTeX Companion for explanation.
Type  H <return>  for immediate help.
 ...                                              
                                                  
l.202 \\\\
          
? 

! LaTeX Error: Environment pic5 undefined.

See the LaTeX manual or LaTeX Companion for explanation.
Type  H <return>  for immediate help.
 ...                                              
                                                  
l.203 \begin{pic5}
                  
? 
</home/duc/Pictures/complex_project_5.png, id=36, 663.22781pt x 636.87938pt>
File: /home/duc/Pictures/complex_project_5.png Graphic file (type png)
<use /home/duc/Pictures/complex_project_5.png>
Package pdftex.def Info: /home/duc/Pictures/complex_project_5.png  used on inpu
t line 204.
(pdftex.def)             Requested size: 241.49895pt x 231.90025pt.

! LaTeX Error: \caption outside float.

See the LaTeX manual or LaTeX Companion for explanation.
Type  H <return>  for immediate help.
 ...                                              
                                                  
l.206 \caption
              {Figure 5: Simulation of model M1\_1, all I individuals gradua...

? 
! Undefined control sequence.
\set@color ...\@pdfcolorstack push{\current@color 
                                                  }\aftergroup \reset@color 
l.206 \caption{F
                igure 5: Simulation of model M1\_1, all I individuals gradua...

? 
! Undefined control sequence.
\set@color ...\@pdfcolorstack push{\current@color 
                                                  }\aftergroup \reset@color 
l.206 \caption{F
                igure 5: Simulation of model M1\_1, all I individuals gradua...

? 
[7 </home/duc/Pictures/complex_project_3.png (PNG copy)> </home/duc/Pictures/co
mplex_project_4.png (PNG copy)>]

! LaTeX Error: \begin{document} ended by \end{pic5}.

See the LaTeX manual or LaTeX Companion for explanation.
Type  H <return>  for immediate help.
 ...                                              
                                                  
l.207 \end{pic5}
                
? 

! LaTeX Error: There's no line here to end.

See the LaTeX manual or LaTeX Companion for explanation.
Type  H <return>  for immediate help.
 ...                                              
                                                  
l.208 \\\\
          
? 

! LaTeX Error: Environment pic6 undefined.

See the LaTeX manual or LaTeX Companion for explanation.
Type  H <return>  for immediate help.
 ...                                              
                                                  
l.209 \begin{pic6}
                  
? 
</home/duc/Pictures/complex_project_6.png, id=41, 673.01437pt x 639.13782pt>
File: /home/duc/Pictures/complex_project_6.png Graphic file (type png)
<use /home/duc/Pictures/complex_project_6.png>
Package pdftex.def Info: /home/duc/Pictures/complex_project_6.png  used on inpu
t line 210.
(pdftex.def)             Requested size: 241.49895pt x 229.3385pt.

! LaTeX Error: \caption outside float.

See the LaTeX manual or LaTeX Companion for explanation.
Type  H <return>  for immediate help.
 ...                                              
                                                  
l.212 \caption
              {Figure 6: Simulation of model M1\_1, number of individuals wh...

? 

! LaTeX Error: \begin{document} ended by \end{pic6}.

See the LaTeX manual or LaTeX Companion for explanation.
Type  H <return>  for immediate help.
 ...                                              
                                                  
l.213 \end{pic6}
                
? 
! Undefined control sequence.
\set@color ...\@pdfcolorstack push{\current@color 
                                                  }\aftergroup \reset@color 
l.214 \newpage
              
? 
! Undefined control sequence.
\set@color ...\@pdfcolorstack push{\current@color 
                                                  }\aftergroup \reset@color 
l.214 \newpage
              
? 
[8 </home/duc/Pictures/complex_project_5.png (PNG copy)> </home/duc/Pictures/co
mplex_project_6.png (PNG copy)>]
Overfull \hbox (2.64899pt too wide) in paragraph at lines 227--228
[][][][][][][][][][][][][][][][][][][][][][] 
 []

! Undefined control sequence.
\set@color ...\@pdfcolorstack push{\current@color 
                                                  }\aftergroup \reset@color 
l.249 \end{lstlisting}
                      
? 
! Undefined control sequence.
\set@color ...\@pdfcolorstack push{\current@color 
                                                  }\aftergroup \reset@color 
l.251 \newpage
              
? 
! Undefined control sequence.
\set@color ...\@pdfcolorstack push{\current@color 
                                                  }\aftergroup \reset@color 
l.251 \newpage
              
? 
[9]
Overfull \hbox (19.29904pt too wide) in paragraph at lines 262--263
[][][][][][][][][][][][][][][][][][][][] 
 []


Overfull \hbox (30.39908pt too wide) in paragraph at lines 263--264
[][][][][][][][][][][][][][][][][][][][][][] 
 []

! Undefined control sequence.
\set@color ...\@pdfcolorstack push{\current@color 
                                                  }\aftergroup \reset@color 
l.270 \end{lstlisting}
                      
? 

! LaTeX Error: Environment doc undefined.

See the LaTeX manual or LaTeX Companion for explanation.
Type  H <return>  for immediate help.
 ...                                              
                                                  
l.273 \begin{doc}
                 
? 

! LaTeX Error: \begin{document} ended by \end{doc}.

See the LaTeX manual or LaTeX Companion for explanation.
Type  H <return>  for immediate help.
 ...                                              
                                                  
l.275 \end{doc}
               
? 
! Undefined control sequence.
\set@color ...\@pdfcolorstack push{\current@color 
                                                  }\aftergroup \reset@color 
l.276 \newpage
              
? 
! Undefined control sequence.
\set@color ...\@pdfcolorstack push{\current@color 
                                                  }\aftergroup \reset@color 
l.276 \newpage
              
? 
[10]

! LaTeX Error: Environment pic7 undefined.

See the LaTeX manual or LaTeX Companion for explanation.
Type  H <return>  for immediate help.
 ...                                              
                                                  
l.277 \begin{pic7}
                  
? 
</home/duc/Pictures/complex_project_7.png, id=51, 971.88094pt x 690.32906pt>
File: /home/duc/Pictures/complex_project_7.png Graphic file (type png)
<use /home/duc/Pictures/complex_project_7.png>
Package pdftex.def Info: /home/duc/Pictures/complex_project_7.png  used on inpu
t line 278.
(pdftex.def)             Requested size: 310.4979pt x 220.54114pt.

! LaTeX Error: \caption outside float.

See the LaTeX manual or LaTeX Companion for explanation.
Type  H <return>  for immediate help.
 ...                                              
                                                  
l.280 \caption
              {Figure 7: Exploration E1\_1, ten experiments.}
? 

! LaTeX Error: \begin{document} ended by \end{pic7}.

See the LaTeX manual or LaTeX Companion for explanation.
Type  H <return>  for immediate help.
 ...                                              
                                                  
l.281 \end{pic7}
                
? 

! LaTeX Error: There's no line here to end.

See the LaTeX manual or LaTeX Companion for explanation.
Type  H <return>  for immediate help.
 ...                                              
                                                  
l.282 \\\\
          
? 

! LaTeX Error: Environment pic8 undefined.

See the LaTeX manual or LaTeX Companion for explanation.
Type  H <return>  for immediate help.
 ...                                              
                                                  
l.283 \begin{pic8}
                  
? 
</home/duc/Pictures/complex_project_8.png, id=52, 951.555pt x 632.3625pt>
File: /home/duc/Pictures/complex_project_8.png Graphic file (type png)
<use /home/duc/Pictures/complex_project_8.png>
Package pdftex.def Info: /home/duc/Pictures/complex_project_8.png  used on inpu
t line 284.
(pdftex.def)             Requested size: 310.4979pt x 206.3452pt.

! LaTeX Error: \caption outside float.

See the LaTeX manual or LaTeX Companion for explanation.
Type  H <return>  for immediate help.
 ...                                              
                                                  
l.286 \caption
              {Figure 8: Exploration E1\_1, E cases increase, S cases decrea...

? 

! LaTeX Error: \begin{document} ended by \end{pic8}.

See the LaTeX manual or LaTeX Companion for explanation.
Type  H <return>  for immediate help.
 ...                                              
                                                  
l.287 \end{pic8}
                
? 

! LaTeX Error: Environment pic9 undefined.

See the LaTeX manual or LaTeX Companion for explanation.
Type  H <return>  for immediate help.
 ...                                              
                                                  
l.289 \begin{pic9}
                  
? 
</home/duc/Pictures/complex_project_9.png, id=53, 956.07187pt x 611.28375pt>
File: /home/duc/Pictures/complex_project_9.png Graphic file (type png)
<use /home/duc/Pictures/complex_project_9.png>
Package pdftex.def Info: /home/duc/Pictures/complex_project_9.png  used on inpu
t line 290.
(pdftex.def)             Requested size: 310.4979pt x 198.51563pt.

! LaTeX Error: \caption outside float.

See the LaTeX manual or LaTeX Companion for explanation.
Type  H <return>  for immediate help.
 ...                                              
                                                  
l.292 \caption
              {Figure 9: Exploration E1\_1, I cases appear.}
? 
! Undefined control sequence.
\set@color ...\@pdfcolorstack push{\current@color 
                                                  }\aftergroup \reset@color 
l.292 \caption{F
                igure 9: Exploration E1\_1, I cases appear.}
? 
! Undefined control sequence.
\set@color ...\@pdfcolorstack push{\current@color 
                                                  }\aftergroup \reset@color 
l.292 \caption{F
                igure 9: Exploration E1\_1, I cases appear.}
? 
[11 </home/duc/Pictures/complex_project_7.png (PNG copy)> </home/duc/Pictures/c
omplex_project_8.png (PNG copy)>]

! LaTeX Error: \begin{document} ended by \end{pic9}.

See the LaTeX manual or LaTeX Companion for explanation.
Type  H <return>  for immediate help.
 ...                                              
                                                  
l.293 \end{pic9}
                
? 

Overfull \hbox (2.64899pt too wide) in paragraph at lines 305--307
[][][][][][][][][][][][][][][][][][][][][][] 
 []


Overfull \hbox (2.64899pt too wide) in paragraph at lines 310--311
[][][][][][][] 
 []


Overfull \hbox (2.64899pt too wide) in paragraph at lines 314--315
[][][][][][][] 
 []


Overfull \hbox (2.64899pt too wide) in paragraph at lines 318--319
[][][][][][][] 
 []

! Undefined control sequence.
\set@color ...\@pdfcolorstack push{\current@color 
                                                  }\aftergroup \reset@color 
l.322 \end{lstlisting}
                      
? 

Overfull \hbox (2.64899pt too wide) in paragraph at lines 328--329
[][][][][][][] 
 []


Overfull \hbox (2.64899pt too wide) in paragraph at lines 332--333
[][][][][][][] 
 []


Overfull \hbox (2.64899pt too wide) in paragraph at lines 336--337
[][][][][][][] 
 []


Overfull \hbox (2.64899pt too wide) in paragraph at lines 340--341
[][][][][][][] 
 []


Overfull \hbox (2.64899pt too wide) in paragraph at lines 344--345
[][][][][][][] 
 []


Overfull \hbox (2.64899pt too wide) in paragraph at lines 348--349
[][][][][][][] 
 []


Overfull \hbox (2.64899pt too wide) in paragraph at lines 352--353
[][][][][][][] 
 []


Overfull \hbox (41.49911pt too wide) in paragraph at lines 360--361
[][][][][][][][][][][][][][][][][][][][][][][] 
 []


Overfull \hbox (52.59915pt too wide) in paragraph at lines 361--362
[][][][][][][][][][][][][][][][][][][][][][][] 
 []


Overfull \hbox (30.39908pt too wide) in paragraph at lines 362--363
[][][][][][][][][][][][][][][][][][][][][][][] 
 []


Overfull \hbox (74.79922pt too wide) in paragraph at lines 363--364
[][][][][][][][][][][][][][][][][][][][][][][][][] 
 []

! Undefined control sequence.
\set@color ...\@pdfcolorstack push{\current@color 
                                                  }\aftergroup \reset@color 
l.370 \end{lstlisting}
                      
? 
! Undefined control sequence.
\set@color ...\@pdfcolorstack push{\current@color 
                                                  }\aftergroup \reset@color 
l.372 \newpage
              
? 
! Undefined control sequence.
\set@color ...\@pdfcolorstack push{\current@color 
                                                  }\aftergroup \reset@color 
l.372 \newpage
              
? 
[12 </home/duc/Pictures/complex_project_9.png (PNG copy)>]
! Undefined control sequence.
\set@color ...\@pdfcolorstack push{\current@color 
                                                  }\aftergroup \reset@color 
l.372 \newpage
              
? 
! Undefined control sequence.
\set@color ...\@pdfcolorstack push{\current@color 
                                                  }\aftergroup \reset@color 
l.372 \newpage
              
? 
[13]

! LaTeX Error: There's no line here to end.

See the LaTeX manual or LaTeX Companion for explanation.
Type  H <return>  for immediate help.
 ...                                              
                                                  
l.373 \\
        - I create 11 experiments which use the same seed and each experimen...

? 

! LaTeX Error: Environment pic10 undefined.

See the LaTeX manual or LaTeX Companion for explanation.
Type  H <return>  for immediate help.
 ...                                              
                                                  
l.375 \begin{pic10}
                   
? 
</home/duc/Pictures/complex_project_10.png, id=64, 951.555pt x 692.5875pt>
File: /home/duc/Pictures/complex_project_10.png Graphic file (type png)
<use /home/duc/Pictures/complex_project_10.png>
Package pdftex.def Info: /home/duc/Pictures/complex_project_10.png  used on inp
ut line 376.
(pdftex.def)             Requested size: 310.4979pt x 225.99712pt.

! LaTeX Error: \caption outside float.

See the LaTeX manual or LaTeX Companion for explanation.
Type  H <return>  for immediate help.
 ...                                              
                                                  
l.378 \caption
              {Figure 10: Exploration E1\_2, eleven experiments use the same...

? 

! LaTeX Error: \begin{document} ended by \end{pic10}.

See the LaTeX manual or LaTeX Companion for explanation.
Type  H <return>  for immediate help.
 ...                                              
                                                  
l.379 \end{pic10}
                 
? 
! Undefined control sequence.
\set@color ...\@pdfcolorstack push{\current@color 
                                                  }\aftergroup \reset@color 
l.381 \newpage
              
? 
! Undefined control sequence.
\set@color ...\@pdfcolorstack push{\current@color 
                                                  }\aftergroup \reset@color 
l.381 \newpage
              
? 
[14 </home/duc/Pictures/complex_project_10.png (PNG copy)>]
Overfull \hbox (2.64899pt too wide) in paragraph at lines 400--401
[][][][][][][][][][][][][][][][][][][][] 
 []

! Undefined control sequence.
\set@color ...\@pdfcolorstack push{\current@color 
                                                  }\aftergroup \reset@color 
l.413 \end{lstlisting}
                      
? 

! LaTeX Error: There's no line here to end.

See the LaTeX manual or LaTeX Companion for explanation.
Type  H <return>  for immediate help.
 ...                                              
                                                  
l.416 \\
        - In this model, we will simulate the process of spreading desease i...

? 
! Undefined control sequence.
\set@color ...\@pdfcolorstack push{\current@color 
                                                  }\aftergroup \reset@color 
l.417 \newpage
              
? 
! Undefined control sequence.
\set@color ...\@pdfcolorstack push{\current@color 
                                                  }\aftergroup \reset@color 
l.417 \newpage
              
? 
[15]
! Illegal parameter number in definition of \reserved@a.
<to be read again> 
                   M
l.418 \underline{\textbf{#Model M2}}
                                    
? 
! Illegal parameter number in definition of \reserved@b.
<to be read again> 
                   }
l.418 \underline{\textbf{#Model M2}}
                                    
? 
! You can't use `macro parameter character #' in restricted horizontal mode.
<recently read> ##
                  
l.418 \underline{\textbf{#Model M2}}
                                    
? 

! LaTeX Error: There's no line here to end.

See the LaTeX manual or LaTeX Companion for explanation.
Type  H <return>  for immediate help.
 ...                                              
                                                  
l.428 \newline
              \newline
? 

! LaTeX Error: There's no line here to end.

See the LaTeX manual or LaTeX Companion for explanation.
Type  H <return>  for immediate help.
 ...                                              
                                                  
l.428 \newline\newline
                      
? 
! Undefined control sequence.
\set@color ...\@pdfcolorstack push{\current@color 
                                                  }\aftergroup \reset@color 
l.466 \end{lstlisting}
                      
? 

Overfull \hbox (30.39908pt too wide) in paragraph at lines 492--493
[][][][][][][][][][][][][][][][][][] 
 []


Overfull \hbox (24.84906pt too wide) in paragraph at lines 504--505
[][][][][][][][][][][][][][][][][][] 
 []


Overfull \hbox (2.64899pt too wide) in paragraph at lines 508--509
[][][][][][][][][][][][][] 
 []

! Undefined control sequence.
\set@color ...\@pdfcolorstack push{\current@color 
                                                  }\aftergroup \reset@color 
l.515 \end{lstlisting}
                      
? 

Overfull \hbox (24.84906pt too wide) in paragraph at lines 520--521
[][][][][][][][][][][][][][][][][][] 
 []


Overfull \hbox (2.64899pt too wide) in paragraph at lines 524--525
[][][][][][][][][][][][][] 
 []


Overfull \hbox (13.74902pt too wide) in paragraph at lines 532--533
[][][][][][][][][][][][][][][][][][] 
 []


Overfull \hbox (2.64899pt too wide) in paragraph at lines 536--537
[][][][][][][][][][][][][] 
 []


Overfull \hbox (13.74902pt too wide) in paragraph at lines 544--545
[][][][][][][][][][][][][][][][][][] 
 []


Overfull \hbox (2.64899pt too wide) in paragraph at lines 548--549
[][][][][][][][][][][][][] 
 []


Overfull \hbox (35.9491pt too wide) in paragraph at lines 556--557
[][][][][][][][][][][][][][][][][][][][] 
 []


Overfull \hbox (2.64899pt too wide) in paragraph at lines 559--560
[][][][][][][][][][][][][] 
 []


Overfull \hbox (174.69955pt too wide) in paragraph at lines 566--567
[][][][][][][][][][][][][][][][][][] 
 []


Overfull \hbox (8.199pt too wide) in paragraph at lines 567--568
[][][][][][][][][] 
 []

! Undefined control sequence.
\set@color ...\@pdfcolorstack push{\current@color 
                                                  }\aftergroup \reset@color 
l.570 \end{lstlisting}
                      
? 
! Undefined control sequence.
\set@color ...\@pdfcolorstack push{\current@color 
                                                  }\aftergroup \reset@color 
l.606 \end{lstlisting}
                      
? 

Overfull \hbox (8.199pt too wide) in paragraph at lines 626--627
[][][][][][][][][][][] 
 []

! Undefined control sequence.
\set@color ...\@pdfcolorstack push{\current@color 
                                                  }\aftergroup \reset@color 
l.638 \end{lstlisting}
                      
? 
! Undefined control sequence.
\set@color ...\@pdfcolorstack push{\current@color 
                                                  }\aftergroup \reset@color 
l.642 \\
        
? 
! Undefined control sequence.
\set@color ...\@pdfcolorstack push{\current@color 
                                                  }\aftergroup \reset@color 
l.642 \\
        
? 
[16]
! Undefined control sequence.
\set@color ...\@pdfcolorstack push{\current@color 
                                                  }\aftergroup \reset@color 
l.642 \\
        
? 
! Undefined control sequence.
\set@color ...\@pdfcolorstack push{\current@color 
                                                  }\aftergroup \reset@color 
l.642 \\
        
? 
[17]
! Undefined control sequence.
\set@color ...\@pdfcolorstack push{\current@color 
                                                  }\aftergroup \reset@color 
l.642 \\
        
? 
! Undefined control sequence.
\set@color ...\@pdfcolorstack push{\current@color 
                                                  }\aftergroup \reset@color 
l.642 \\
        
? 
[18]
Overfull \vbox (42.91684pt too high) has occurred while \output is active []


! Undefined control sequence.
\set@color ...\@pdfcolorstack push{\current@color 
                                                  }\aftergroup \reset@color 
l.642 \\
        
? 
! Undefined control sequence.
\set@color ...\@pdfcolorstack push{\current@color 
                                                  }\aftergroup \reset@color 
l.642 \\
        
? 
[19]
! Undefined control sequence.
\set@color ...\@pdfcolorstack push{\current@color 
                                                  }\aftergroup \reset@color 
l.642 \\
        
? 
! Undefined control sequence.
\set@color ...\@pdfcolorstack push{\current@color 
                                                  }\aftergroup \reset@color 
l.642 \\
        
? 
[20]

! LaTeX Error: Environment pic11 undefined.

See the LaTeX manual or LaTeX Companion for explanation.
Type  H <return>  for immediate help.
 ...                                              
                                                  
l.643 \begin{pic11}
                   
? 
</home/duc/Pictures/complex_project_11.png, id=87, 914.66719pt x 635.37375pt>
File: /home/duc/Pictures/complex_project_11.png Graphic file (type png)
<use /home/duc/Pictures/complex_project_11.png>
Package pdftex.def Info: /home/duc/Pictures/complex_project_11.png  used on inp
ut line 644.
(pdftex.def)             Requested size: 310.4979pt x 215.68489pt.

! LaTeX Error: \caption outside float.

See the LaTeX manual or LaTeX Companion for explanation.
Type  H <return>  for immediate help.
 ...                                              
                                                  
l.646 \caption
              {Figure 11: Exploration M2\_1, the city after importing the sh...

? 
! Undefined control sequence.
\set@color ...\@pdfcolorstack push{\current@color 
                                                  }\aftergroup \reset@color 
l.646 \caption{F
                igure 11: Exploration M2\_1, the city after importing the sh...

? 
! Undefined control sequence.
\set@color ...\@pdfcolorstack push{\current@color 
                                                  }\aftergroup \reset@color 
l.646 \caption{F
                igure 11: Exploration M2\_1, the city after importing the sh...

? 
[21]

! LaTeX Error: \begin{document} ended by \end{pic11}.

See the LaTeX manual or LaTeX Companion for explanation.
Type  H <return>  for immediate help.
 ...                                              
                                                  
l.647 \end{pic11}
                 
? 

! LaTeX Error: There's no line here to end.

See the LaTeX manual or LaTeX Companion for explanation.
Type  H <return>  for immediate help.
 ...                                              
                                                  
l.648 \\\\
          
? 

Overfull \hbox (8.199pt too wide) in paragraph at lines 652--653
[][][][][][][][][][][][][][][][] 
 []

! Undefined control sequence.
\set@color ...\@pdfcolorstack push{\current@color 
                                                  }\aftergroup \reset@color 
l.673 \end{lstlisting}
                      
? 
! Undefined control sequence.
\set@color ...\@pdfcolorstack push{\current@color 
                                                  }\aftergroup \reset@color 
l.722 \end{lstlisting}
                      
? 

Overfull \hbox (2.64899pt too wide) in paragraph at lines 728--729
[][][][][][][][][][][][][][][][][][][][][][][] 
 []

! Undefined control sequence.
\set@color ...\@pdfcolorstack push{\current@color 
                                                  }\aftergroup \reset@color 
l.772 \end{lstlisting}
                      
? 

Overfull \hbox (2.64899pt too wide) in paragraph at lines 806--807
[][][][][][][][][][][][] 
 []

! Undefined control sequence.
\set@color ...\@pdfcolorstack push{\current@color 
                                                  }\aftergroup \reset@color 
l.824 \end{lstlisting}
                      
? 
! Undefined control sequence.
\set@color ...\@pdfcolorstack push{\current@color 
                                                  }\aftergroup \reset@color 
l.826 \\
        - Each inhabitants have their own calendar so they can move every lo...

? 
! Undefined control sequence.
\set@color ...\@pdfcolorstack push{\current@color 
                                                  }\aftergroup \reset@color 
l.826 \\
        - Each inhabitants have their own calendar so they can move every lo...

? 
[22 </home/duc/Pictures/complex_project_11.png (PNG copy)>]
! Undefined control sequence.
\set@color ...\@pdfcolorstack push{\current@color 
                                                  }\aftergroup \reset@color 
l.826 \\
        - Each inhabitants have their own calendar so they can move every lo...

? 
! Undefined control sequence.
\set@color ...\@pdfcolorstack push{\current@color 
                                                  }\aftergroup \reset@color 
l.826 \\
        - Each inhabitants have their own calendar so they can move every lo...

? 
[23]
! Undefined control sequence.
\set@color ...\@pdfcolorstack push{\current@color 
                                                  }\aftergroup \reset@color 
l.826 \\-
          Each inhabitants have their own calendar so they can move every lo...

? 
! Undefined control sequence.
\set@color ...\@pdfcolorstack push{\current@color 
                                                  }\aftergroup \reset@color 
l.826 \\-
          Each inhabitants have their own calendar so they can move every lo...

? 
[24]
Overfull \vbox (9.91684pt too high) has occurred while \output is active []


! Undefined control sequence.
\set@color ...\@pdfcolorstack push{\current@color 
                                                  }\aftergroup \reset@color 
l.826 \\-
          Each inhabitants have their own calendar so they can move every lo...

? 
! Undefined control sequence.
\set@color ...\@pdfcolorstack push{\current@color 
                                                  }\aftergroup \reset@color 
l.826 \\-
          Each inhabitants have their own calendar so they can move every lo...

? 
[25]

! LaTeX Error: Environment pic12 undefined.

See the LaTeX manual or LaTeX Companion for explanation.
Type  H <return>  for immediate help.
 ...                                              
                                                  
l.828 \begin{pic12}
                   
? 
</home/duc/Pictures/complex_project_12.png, id=104, 813.79031pt x 609.77812pt>
File: /home/duc/Pictures/complex_project_12.png Graphic file (type png)
<use /home/duc/Pictures/complex_project_12.png>
Package pdftex.def Info: /home/duc/Pictures/complex_project_12.png  used on inp
ut line 829.
(pdftex.def)             Requested size: 241.49895pt x 180.95299pt.

! LaTeX Error: \caption outside float.

See the LaTeX manual or LaTeX Companion for explanation.
Type  H <return>  for immediate help.
 ...                                              
                                                  
l.831 \caption
              {Figure 12: Exploration M2\_1 + M2\_2, some individuals with p...

? 

! LaTeX Error: \begin{document} ended by \end{pic12}.

See the LaTeX manual or LaTeX Companion for explanation.
Type  H <return>  for immediate help.
 ...                                              
                                                  
l.832 \end{pic12}
                 
? 

! LaTeX Error: Environment pic13 undefined.

See the LaTeX manual or LaTeX Companion for explanation.
Type  H <return>  for immediate help.
 ...                                              
                                                  
l.834 \begin{pic13}
                   
? 
</home/duc/Pictures/complex_project_13.png, id=105, 572.1375pt x 598.48593pt>
File: /home/duc/Pictures/complex_project_13.png Graphic file (type png)
<use /home/duc/Pictures/complex_project_13.png>
Package pdftex.def Info: /home/duc/Pictures/complex_project_13.png  used on inp
ut line 835.
(pdftex.def)             Requested size: 234.59747pt x 245.39908pt.

! LaTeX Error: \caption outside float.

See the LaTeX manual or LaTeX Companion for explanation.
Type  H <return>  for immediate help.
 ...                                              
                                                  
l.837 \caption
              {Figure 13: Exploration M2\_1 + M2\_2, all inhabitants stay wi...

? 
! Undefined control sequence.
\set@color ...\@pdfcolorstack push{\current@color 
                                                  }\aftergroup \reset@color 
l.837 \caption{F
                igure 13: Exploration M2\_1 + M2\_2, all inhabitants stay wi...

? 
! Undefined control sequence.
\set@color ...\@pdfcolorstack push{\current@color 
                                                  }\aftergroup \reset@color 
l.837 \caption{F
                igure 13: Exploration M2\_1 + M2\_2, all inhabitants stay wi...

? 
[26 </home/duc/Pictures/complex_project_12.png (PNG copy)>]

! LaTeX Error: \begin{document} ended by \end{pic13}.

See the LaTeX manual or LaTeX Companion for explanation.
Type  H <return>  for immediate help.
 ...                                              
                                                  
l.838 \end{pic13}
                 
? 

! LaTeX Error: Environment pic14 undefined.

See the LaTeX manual or LaTeX Companion for explanation.
Type  H <return>  for immediate help.
 ...                                              
                                                  
l.840 \begin{pic14}
                   
? 
</home/duc/Pictures/complex_project_14.png, id=109, 579.66562pt x 526.21594pt>
File: /home/duc/Pictures/complex_project_14.png Graphic file (type png)
<use /home/duc/Pictures/complex_project_14.png>
Package pdftex.def Info: /home/duc/Pictures/complex_project_14.png  used on inp
ut line 841.
(pdftex.def)             Requested size: 234.59747pt x 212.96373pt.

! LaTeX Error: \caption outside float.

See the LaTeX manual or LaTeX Companion for explanation.
Type  H <return>  for immediate help.
 ...                                              
                                                  
l.843 \caption
              {Figure 14: Exploration M2\_1 + M2\_2, all exposed inhabitants...

? 

! LaTeX Error: \begin{document} ended by \end{pic14}.

See the LaTeX manual or LaTeX Companion for explanation.
Type  H <return>  for immediate help.
 ...                                              
                                                  
l.844 \end{pic14}
                 
? 

! LaTeX Error: Environment pic15 undefined.

See the LaTeX manual or LaTeX Companion for explanation.
Type  H <return>  for immediate help.
 ...                                              
                                                  
l.846 \begin{pic15}
                   
? 
</home/duc/Pictures/complex_project_15.png, id=110, 577.40718pt x 564.60938pt>
File: /home/duc/Pictures/complex_project_15.png Graphic file (type png)
<use /home/duc/Pictures/complex_project_15.png>
Package pdftex.def Info: /home/duc/Pictures/complex_project_15.png  used on inp
ut line 847.
(pdftex.def)             Requested size: 241.49895pt x 236.15218pt.

! LaTeX Error: \caption outside float.

See the LaTeX manual or LaTeX Companion for explanation.
Type  H <return>  for immediate help.
 ...                                              
                                                  
l.849 \caption
              {Figure 15: Exploration M2\_1 + M2\_2, all infected inhabitant...

? 
! Undefined control sequence.
\set@color ...\@pdfcolorstack push{\current@color 
                                                  }\aftergroup \reset@color 
l.849 \caption{F
                igure 15: Exploration M2\_1 + M2\_2, all infected inhabitant...

? 
! Undefined control sequence.
\set@color ...\@pdfcolorstack push{\current@color 
                                                  }\aftergroup \reset@color 
l.849 \caption{F
                igure 15: Exploration M2\_1 + M2\_2, all infected inhabitant...

? 
[27 </home/duc/Pictures/complex_project_13.png (PNG copy)> </home/duc/Pictures/
complex_project_14.png (PNG copy)>]

! LaTeX Error: Environment pic15 undefined.

See the LaTeX manual or LaTeX Companion for explanation.
Type  H <return>  for immediate help.
 ...                                              
                                                  
l.850 \begin{pic15}
                   
? 
! Undefined control sequence.
\set@color ...\@pdfcolorstack push{\current@color 
                                                  }\aftergroup \reset@color 
l.851 \newpage
              
? 
! Undefined control sequence.
\set@color ...\@pdfcolorstack push{\current@color 
                                                  }\aftergroup \reset@color 
l.851 \newpage
              
? 
[28 </home/duc/Pictures/complex_project_15.png (PNG copy)>]
! Undefined control sequence.
\set@color ...\@pdfcolorstack push{\current@color 
                                                  }\aftergroup \reset@color 
l.883 \end{lstlisting}
                      
? 
! Undefined control sequence.
\set@color ...\@pdfcolorstack push{\current@color 
                                                  }\aftergroup \reset@color 
l.923 \end{lstlisting}
                      
? 
! Undefined control sequence.
\set@color ...\@pdfcolorstack push{\current@color 
                                                  }\aftergroup \reset@color 
l.925 \newpage
              
? 
! Undefined control sequence.
\set@color ...\@pdfcolorstack push{\current@color 
                                                  }\aftergroup \reset@color 
l.925 \newpage
              
? 
[29]
! Undefined control sequence.
\set@color ...\@pdfcolorstack push{\current@color 
                                                  }\aftergroup \reset@color 
l.925 \newpage
              
? 
! Undefined control sequence.
\set@color ...\@pdfcolorstack push{\current@color 
                                                  }\aftergroup \reset@color 
l.925 \newpage
              
? 
[30]
! Illegal parameter number in definition of \reserved@a.
<to be read again> 
                   M
l.926 \underline{\textbf{#Model M2\_3}}
                                       \\
? 
! Illegal parameter number in definition of \reserved@b.
<to be read again> 
                   }
l.926 \underline{\textbf{#Model M2\_3}}
                                       \\
? 
! You can't use `macro parameter character #' in restricted horizontal mode.
<recently read> ##
                  
l.926 \underline{\textbf{#Model M2\_3}}
                                       \\
? 

! LaTeX Error: There's no line here to end.

See the LaTeX manual or LaTeX Companion for explanation.
Type  H <return>  for immediate help.
 ...                                              
                                                  
l.927 \newline
              \newline
? 

! LaTeX Error: There's no line here to end.

See the LaTeX manual or LaTeX Companion for explanation.
Type  H <return>  for immediate help.
 ...                                              
                                                  
l.927 \newline\newline
                      
? 
! Undefined control sequence.
\set@color ...\@pdfcolorstack push{\current@color 
                                                  }\aftergroup \reset@color 
l.969 \end{lstlisting}
                      
? 
! Undefined control sequence.
\set@color ...\@pdfcolorstack push{\current@color 
                                                  }\aftergroup \reset@color 
l.971 \newpage
              
? 
! Undefined control sequence.
\set@color ...\@pdfcolorstack push{\current@color 
                                                  }\aftergroup \reset@color 
l.971 \newpage
              
? 
[31]

! LaTeX Error: There's no line here to end.

See the LaTeX manual or LaTeX Companion for explanation.
Type  H <return>  for immediate help.
 ...                                              
                                                  
l.972 \\
        - I still use the source code of model M2\_1 and M2\_2 and the diffe...

? 

Overfull \hbox (41.49911pt too wide) in paragraph at lines 986--987
[][][][][][][][][][][][][][][][][] 
 []


Overfull \hbox (19.29904pt too wide) in paragraph at lines 987--988
[][][][][][][][][][][][][][][] 
 []

! Undefined control sequence.
\set@color ...\@pdfcolorstack push{\current@color 
                                                  }\aftergroup \reset@color 
l.1014 \end{lstlisting}
                       
? 
! Undefined control sequence.
\set@color ...\@pdfcolorstack push{\current@color 
                                                  }\aftergroup \reset@color 
l.1016 \newpage
               
? 
! Undefined control sequence.
\set@color ...\@pdfcolorstack push{\current@color 
                                                  }\aftergroup \reset@color 
l.1016 \newpage
               
? 
[32]
! Undefined control sequence.
\set@color ...\@pdfcolorstack push{\current@color 
                                                  }\aftergroup \reset@color 
l.1016 \newpage
               
? 
! Undefined control sequence.
\set@color ...\@pdfcolorstack push{\current@color 
                                                  }\aftergroup \reset@color 
l.1016 \newpage
               
? 
[33]

! LaTeX Error: There's no line here to end.

See the LaTeX manual or LaTeX Companion for explanation.
Type  H <return>  for immediate help.
 ...                                              
                                                  
l.1017 \\
         - In this exploration, the system will create gender histogram and ...

? 

! LaTeX Error: Environment pic16 undefined.

See the LaTeX manual or LaTeX Companion for explanation.
Type  H <return>  for immediate help.
 ...                                              
                                                  
l.1019 \begin{pic16}
                    
? 
</home/duc/Pictures/complex_project_17.png, id=133, 569.12625pt x 639.13782pt>
File: /home/duc/Pictures/complex_project_17.png Graphic file (type png)
<use /home/duc/Pictures/complex_project_17.png>
Package pdftex.def Info: /home/duc/Pictures/complex_project_17.png  used on inp
ut line 1020.
(pdftex.def)             Requested size: 224.2479pt x 251.83739pt.

! LaTeX Error: \caption outside float.

See the LaTeX manual or LaTeX Companion for explanation.
Type  H <return>  for immediate help.
 ...                                              
                                                  
l.1022 \caption
               {Figure 16: Exploration E2\_2, graph of gender.}
? 

! LaTeX Error: \begin{document} ended by \end{pic16}.

See the LaTeX manual or LaTeX Companion for explanation.
Type  H <return>  for immediate help.
 ...                                              
                                                  
l.1023 \end{pic16}
                  
? 

! LaTeX Error: Environment pic17 undefined.

See the LaTeX manual or LaTeX Companion for explanation.
Type  H <return>  for immediate help.
 ...                                              
                                                  
l.1025 \begin{pic17}
                    
? 
</home/duc/Pictures/complex_project_16.png, id=134, 573.64313pt x 643.6547pt>
File: /home/duc/Pictures/complex_project_16.png Graphic file (type png)
<use /home/duc/Pictures/complex_project_16.png>
Package pdftex.def Info: /home/duc/Pictures/complex_project_16.png  used on inp
ut line 1026.
(pdftex.def)             Requested size: 224.2479pt x 251.6136pt.

! LaTeX Error: \caption outside float.

See the LaTeX manual or LaTeX Companion for explanation.
Type  H <return>  for immediate help.
 ...                                              
                                                  
l.1028 \caption
               {Figure 17: Exploration E2\_2, graph of age.}
? 
! Undefined control sequence.
\set@color ...\@pdfcolorstack push{\current@color 
                                                  }\aftergroup \reset@color 
l.1028 \caption{F
                 igure 17: Exploration E2\_2, graph of age.}
? 
! Undefined control sequence.
\set@color ...\@pdfcolorstack push{\current@color 
                                                  }\aftergroup \reset@color 
l.1028 \caption{F
                 igure 17: Exploration E2\_2, graph of age.}
? 
[34 </home/duc/Pictures/complex_project_17.png (PNG copy)>]

! LaTeX Error: \begin{document} ended by \end{pic17}.

See the LaTeX manual or LaTeX Companion for explanation.
Type  H <return>  for immediate help.
 ...                                              
                                                  
l.1029 \end{pic17}
                  
? 
! Undefined control sequence.
\set@color ...\@pdfcolorstack push{\current@color 
                                                  }\aftergroup \reset@color 
l.1030 \newpage
               
? 
! Undefined control sequence.
\set@color ...\@pdfcolorstack push{\current@color 
                                                  }\aftergroup \reset@color 
l.1030 \newpage
               
? 
[35 </home/duc/Pictures/complex_project_16.png (PNG copy)>]
! Undefined control sequence.
\set@color ...\@pdfcolorstack push{\current@color 
                                                  }\aftergroup \reset@color 
l.1062 \end{lstlisting}
                       
? 

Overfull \hbox (22.3867pt too wide) in paragraph at lines 1031--1064
[]$[]$ 
 []

! Undefined control sequence.
\set@color ...\@pdfcolorstack push{\current@color 
                                                  }\aftergroup \reset@color 
l.1064 \newpage
               
? 
! Undefined control sequence.
\set@color ...\@pdfcolorstack push{\current@color 
                                                  }\aftergroup \reset@color 
l.1064 \newpage
               
? 
[36]

! LaTeX Error: Environment pic18 undefined.

See the LaTeX manual or LaTeX Companion for explanation.
Type  H <return>  for immediate help.
 ...                                              
                                                  
l.1067 \begin{pic18}
                    
? 
</home/duc/Pictures/complex_project_18.png, id=144, 867.24pt x 639.89063pt>
File: /home/duc/Pictures/complex_project_18.png Graphic file (type png)
<use /home/duc/Pictures/complex_project_18.png>
Package pdftex.def Info: /home/duc/Pictures/complex_project_18.png  used on inp
ut line 1068.
(pdftex.def)             Requested size: 241.49895pt x 178.18199pt.

! LaTeX Error: \caption outside float.

See the LaTeX manual or LaTeX Companion for explanation.
Type  H <return>  for immediate help.
 ...                                              
                                                  
l.1070 \caption
               {Figure 18: Exploration E2\_3, number of peoples in each state.}

? 

! LaTeX Error: \begin{document} ended by \end{pic18}.

See the LaTeX manual or LaTeX Companion for explanation.
Type  H <return>  for immediate help.
 ...                                              
                                                  
l.1071 \end{pic18}
                  
? 
! Illegal parameter number in definition of \reserved@a.
<to be read again> 
                   M
l.1073 \underline{\textbf{#Model M2.4}}
                                       
? 
! Illegal parameter number in definition of \reserved@b.
<to be read again> 
                   }
l.1073 \underline{\textbf{#Model M2.4}}
                                       
? 
! You can't use `macro parameter character #' in restricted horizontal mode.
<recently read> ##
                  
l.1073 \underline{\textbf{#Model M2.4}}
                                       
? 
! Undefined control sequence.
\set@color ...\@pdfcolorstack push{\current@color 
                                                  }\aftergroup \reset@color 
l.1127 \end{lstlisting}
                       
? 
! Undefined control sequence.
\set@color ...\@pdfcolorstack push{\current@color 
                                                  }\aftergroup \reset@color 
l.1175 \end{lstlisting}
                       
? 
! Undefined control sequence.
\set@color ...\@pdfcolorstack push{\current@color 
                                                  }\aftergroup \reset@color 
l.1222 \end{lstlisting}
                       
? 
! Undefined control sequence.
\set@color ...\@pdfcolorstack push{\current@color 
                                                  }\aftergroup \reset@color 
l.1225 
       
? 
! Undefined control sequence.
\set@color ...\@pdfcolorstack push{\current@color 
                                                  }\aftergroup \reset@color 
l.1225 
       
? 
[37 </home/duc/Pictures/complex_project_18.png (PNG copy)>]
! Undefined control sequence.
\set@color ...\@pdfcolorstack push{\current@color 
                                                  }\aftergroup \reset@color 
l.1225 
       
? 
! Undefined control sequence.
\set@color ...\@pdfcolorstack push{\current@color 
                                                  }\aftergroup \reset@color 
l.1225 
       
? 
[38]
! Undefined control sequence.
\set@color ...\@pdfcolorstack push{\current@color 
                                                  }\aftergroup \reset@color 
l.1225 
       
? 
! Undefined control sequence.
\set@color ...\@pdfcolorstack push{\current@color 
                                                  }\aftergroup \reset@color 
l.1225 
       
? 
[39]

! LaTeX Error: Environment pic19 undefined.

See the LaTeX manual or LaTeX Companion for explanation.
Type  H <return>  for immediate help.
 ...                                              
                                                  
l.1226 \begin{pic19}
                    
? 
</home/duc/Pictures/complex_project_19.png, id=155, 574.39594pt x 430.60875pt>
File: /home/duc/Pictures/complex_project_19.png Graphic file (type png)
<use /home/duc/Pictures/complex_project_19.png>
Package pdftex.def Info: /home/duc/Pictures/complex_project_19.png  used on inp
ut line 1227.
(pdftex.def)             Requested size: 234.59747pt x 175.86739pt.

! LaTeX Error: \caption outside float.

See the LaTeX manual or LaTeX Companion for explanation.
Type  H <return>  for immediate help.
 ...                                              
                                                  
l.1229 \caption
               {Figure 19: Exploration M2\_4, a triangle is the virus in the...

? 
! Undefined control sequence.
\set@color ...\@pdfcolorstack push{\current@color 
                                                  }\aftergroup \reset@color 
l.1229 \caption{F
                 igure 19: Exploration M2\_4, a triangle is the virus in the...

? 
! Undefined control sequence.
\set@color ...\@pdfcolorstack push{\current@color 
                                                  }\aftergroup \reset@color 
l.1229 \caption{F
                 igure 19: Exploration M2\_4, a triangle is the virus in the...

? 
[40]

! LaTeX Error: \begin{document} ended by \end{pic19}.

See the LaTeX manual or LaTeX Companion for explanation.
Type  H <return>  for immediate help.
 ...                                              
                                                  
l.1230 \end{pic19}
                  
? 

! LaTeX Error: Environment pic20 undefined.

See the LaTeX manual or LaTeX Companion for explanation.
Type  H <return>  for immediate help.
 ...                                              
                                                  
l.1232 \begin{pic20}
                    
? 
</home/duc/Pictures/complex_project_20.png, id=159, 577.40718pt x 579.66562pt>
File: /home/duc/Pictures/complex_project_20.png Graphic file (type png)
<use /home/duc/Pictures/complex_project_20.png>
Package pdftex.def Info: /home/duc/Pictures/complex_project_20.png  used on inp
ut line 1233.
(pdftex.def)             Requested size: 234.59747pt x 235.5151pt.

! LaTeX Error: \caption outside float.

See the LaTeX manual or LaTeX Companion for explanation.
Type  H <return>  for immediate help.
 ...                                              
                                                  
l.1235 \caption
               {Figure 20: Exploration M2\_4, E inhabitants become I inhabit...

? 

! LaTeX Error: \begin{document} ended by \end{pic20}.

See the LaTeX manual or LaTeX Companion for explanation.
Type  H <return>  for immediate help.
 ...                                              
                                                  
l.1236 \end{pic20}
                  
? 
! Undefined control sequence.
\set@color ...\@pdfcolorstack push{\current@color 
                                                  }\aftergroup \reset@color 
l.1237 \newpage
               
? 
! Undefined control sequence.
\set@color ...\@pdfcolorstack push{\current@color 
                                                  }\aftergroup \reset@color 
l.1237 \newpage
               
? 
[41 </home/duc/Pictures/complex_project_19.png (PNG copy)> </home/duc/Pictures/
complex_project_20.png (PNG copy)>]
Overfull \hbox (74.26498pt too wide) in paragraph at lines 1238--1243
[]$  
 []


! LaTeX Error: There's no line here to end.

See the LaTeX manual or LaTeX Companion for explanation.
Type  H <return>  for immediate help.
 ...                                              
                                                  
l.1244 \\\\
           
? 

! LaTeX Error: Environment pic21 undefined.

See the LaTeX manual or LaTeX Companion for explanation.
Type  H <return>  for immediate help.
 ...                                              
                                                  
l.1245 \begin{pic21}
                    
? 
</home/duc/Pictures/complex_project_21.png, id=163, 1218.80344pt x 581.92406pt>

File: /home/duc/Pictures/complex_project_21.png Graphic file (type png)
<use /home/duc/Pictures/complex_project_21.png>
Package pdftex.def Info: /home/duc/Pictures/complex_project_21.png  used on inp
ut line 1246.
(pdftex.def)             Requested size: 234.59747pt x 112.00519pt.

! LaTeX Error: \caption outside float.

See the LaTeX manual or LaTeX Companion for explanation.
Type  H <return>  for immediate help.
 ...                                              
                                                  
l.1248 \caption
               {Figure 21: Exploration E2\_3, the date is displayed on the c...

? 

! LaTeX Error: \begin{document} ended by \end{pic21}.

See the LaTeX manual or LaTeX Companion for explanation.
Type  H <return>  for immediate help.
 ...                                              
                                                  
l.1249 \end{pic21}
                  
? 

! LaTeX Error: There's no line here to end.

See the LaTeX manual or LaTeX Companion for explanation.
Type  H <return>  for immediate help.
 ...                                              
                                                  
l.1250 \\\\
           
? 

! LaTeX Error: Environment pic22 undefined.

See the LaTeX manual or LaTeX Companion for explanation.
Type  H <return>  for immediate help.
 ...                                              
                                                  
l.1251 \begin{pic22}
                    
? 
</home/duc/Pictures/complex_project_22.png, id=164, 1218.05063pt x 587.19376pt>

File: /home/duc/Pictures/complex_project_22.png Graphic file (type png)
<use /home/duc/Pictures/complex_project_22.png>
Package pdftex.def Info: /home/duc/Pictures/complex_project_22.png  used on inp
ut line 1252.
(pdftex.def)             Requested size: 234.59747pt x 113.09114pt.

! LaTeX Error: \caption outside float.

See the LaTeX manual or LaTeX Companion for explanation.
Type  H <return>  for immediate help.
 ...                                              
                                                  
l.1254 \caption
               {Figure 22: Exploration E2\_4, the date is displayed on the c...

? 

! LaTeX Error: \begin{document} ended by \end{pic22}.

See the LaTeX manual or LaTeX Companion for explanation.
Type  H <return>  for immediate help.
 ...                                              
                                                  
l.1255 \end{pic22}
                  
? 

! LaTeX Error: There's no line here to end.

See the LaTeX manual or LaTeX Companion for explanation.
Type  H <return>  for immediate help.
 ...                                              
                                                  
l.1258 \\
         - Create two new species: the LocalAuthority and the Policy.
? 
! Undefined control sequence.
\set@color ...\@pdfcolorstack push{\current@color 
                                                  }\aftergroup \reset@color 
l.1259 \\-
           LocalAuthority decides the policy.
? 
! Undefined control sequence.
\set@color ...\@pdfcolorstack push{\current@color 
                                                  }\aftergroup \reset@color 
l.1259 \\-
           LocalAuthority decides the policy.
? 
[42 </home/duc/Pictures/complex_project_21.png (PNG copy)> </home/duc/Pictures/
complex_project_22.png (PNG copy)>]

! LaTeX Error: There's no line here to end.

See the LaTeX manual or LaTeX Companion for explanation.
Type  H <return>  for immediate help.
 ...                                              
                                                  
l.1263 \\
         RESULT
? 

Overfull \hbox (54.60132pt too wide) in paragraph at lines 1270--1271
[][][][][][][][][][][][][][][][][][] 
 []


Overfull \hbox (87.90143pt too wide) in paragraph at lines 1286--1287
[][][][][][][][][][][][][][][][][][][][][][][][][][][][][] 
 []


Overfull \hbox (32.40125pt too wide) in paragraph at lines 1298--1299
[][][][][][][][][][][][][][][][][][][][][] 
 []


Overfull \hbox (87.90143pt too wide) in paragraph at lines 1305--1306
[][][][][][][][][][][][][][][][][][][][][][][][][] 
 []

! Undefined control sequence.
<output> {\lst@RestoreOrigCatcodes 
                                   \lst@ifec \lst@RestoreOrigExtendedCatcode...
l.1307 			count_policy_date 
                            <- 0;
? 
! Undefined control sequence.
<output> ...ifec \lst@RestoreOrigExtendedCatcodes 
                                                  \fi \lst@OrgOutput }
l.1307 			count_policy_date 
                            <- 0;
? 
! Undefined control sequence.
\set@color ...\@pdfcolorstack push{\current@color 
                                                  }\aftergroup \reset@color 
l.1307 			count_policy_date 
                            <- 0;
? 
! Undefined control sequence.
\set@color ...\@pdfcolorstack push{\current@color 
                                                  }\aftergroup \reset@color 
l.1307 			count_policy_date 
                            <- 0;
? 
[43]
Overfull \hbox (4.65115pt too wide) in paragraph at lines 1329--1330
[][][][][][][][][][][][][][][][][][] 
 []

! Undefined control sequence.
\set@color ...\@pdfcolorstack push{\current@color 
                                                  }\aftergroup \reset@color 
l.1338 \end{lstlisting}
                       
? 

! LaTeX Error: There's no line here to end.

See the LaTeX manual or LaTeX Companion for explanation.
Type  H <return>  for immediate help.
 ...                                              
                                                  
l.1339 \\
          - I add two new species which are local\_authority and policies, p...

? 

! LaTeX Error: There's no line here to end.

See the LaTeX manual or LaTeX Companion for explanation.
Type  H <return>  for immediate help.
 ...                                              
                                                  
l.1340 \\\\
           
? 
</home/duc/Pictures/complex_project_23.png, id=172, 1215.79219pt x 576.65437pt>

File: /home/duc/Pictures/complex_project_23.png Graphic file (type png)
<use /home/duc/Pictures/complex_project_23.png>
Package pdftex.def Info: /home/duc/Pictures/complex_project_23.png  used on inp
ut line 1341.
(pdftex.def)             Requested size: 234.59747pt x 111.26367pt.

! LaTeX Error: \caption outside float.

See the LaTeX manual or LaTeX Companion for explanation.
Type  H <return>  for immediate help.
 ...                                              
                                                  
l.1343 \caption
               {Figure 23: Exploration M3\_1, all inhabitants get freedom law.}

? 
! Undefined control sequence.
\set@color ...\@pdfcolorstack push{\current@color 
                                                  }\aftergroup \reset@color 
l.1343 \caption{F
                 igure 23: Exploration M3\_1, all inhabitants get freedom law.}

? 
! Undefined control sequence.
\set@color ...\@pdfcolorstack push{\current@color 
                                                  }\aftergroup \reset@color 
l.1343 \caption{F
                 igure 23: Exploration M3\_1, all inhabitants get freedom law.}

? 
[44]

! LaTeX Error: There's no line here to end.

See the LaTeX manual or LaTeX Companion for explanation.
Type  H <return>  for immediate help.
 ...                                              
                                                  
l.1344 \\\\
           
? 
</home/duc/Pictures/complex_project_24.png, id=176, 1216.545pt x 540.51938pt>
File: /home/duc/Pictures/complex_project_24.png Graphic file (type png)
<use /home/duc/Pictures/complex_project_24.png>
Package pdftex.def Info: /home/duc/Pictures/complex_project_24.png  used on inp
ut line 1345.
(pdftex.def)             Requested size: 234.59747pt x 104.23381pt.

! LaTeX Error: \caption outside float.

See the LaTeX manual or LaTeX Companion for explanation.
Type  H <return>  for immediate help.
 ...                                              
                                                  
l.1347 \caption
               {Figure 24: Exploration M3\_1, all inhabitants get lockschool...

? 

! LaTeX Error: There's no line here to end.

See the LaTeX manual or LaTeX Companion for explanation.
Type  H <return>  for immediate help.
 ...                                              
                                                  
l.1348 \\\\
           
? 
</home/duc/Pictures/complex_project_25.png, id=177, 1215.03937pt x 539.76656pt>

File: /home/duc/Pictures/complex_project_25.png Graphic file (type png)
<use /home/duc/Pictures/complex_project_25.png>
Package pdftex.def Info: /home/duc/Pictures/complex_project_25.png  used on inp
ut line 1349.
(pdftex.def)             Requested size: 234.59747pt x 104.21217pt.

! LaTeX Error: \caption outside float.

See the LaTeX manual or LaTeX Companion for explanation.
Type  H <return>  for immediate help.
 ...                                              
                                                  
l.1351 \caption
               {Figure 25: Exploration M3\_1, after three days local\_author...

? 

! LaTeX Error: There's no line here to end.

See the LaTeX manual or LaTeX Companion for explanation.
Type  H <return>  for immediate help.
 ...                                              
                                                  
l.1352 \\\\
           
? 
</home/duc/Pictures/complex_project_26.png, id=178, 1217.2978pt x 530.73282pt>
File: /home/duc/Pictures/complex_project_26.png Graphic file (type png)
<use /home/duc/Pictures/complex_project_26.png>
Package pdftex.def Info: /home/duc/Pictures/complex_project_26.png  used on inp
ut line 1353.
(pdftex.def)             Requested size: 234.59747pt x 102.28178pt.

! LaTeX Error: \caption outside float.

See the LaTeX manual or LaTeX Companion for explanation.
Type  H <return>  for immediate help.
 ...                                              
                                                  
l.1355 \caption
               {Figure 26: Exploration M3\_1, freedom again !.}
? 
! Undefined control sequence.
\set@color ...\@pdfcolorstack push{\current@color 
                                                  }\aftergroup \reset@color 
l.1357 \end{document}
                     
? 
! Undefined control sequence.
\set@color ...\@pdfcolorstack push{\current@color 
                                                  }\aftergroup \reset@color 
l.1357 \end{document}
                     
? 
[45 </home/duc/Pictures/complex_project_23.png (PNG copy)> </home/duc/Pictures/
complex_project_24.png (PNG copy)> </home/duc/Pictures/complex_project_25.png (
PNG copy)> </home/duc/Pictures/complex_project_26.png (PNG copy)>]
! Undefined control sequence.
\set@color ...\@pdfcolorstack push{\current@color 
                                                  }\aftergroup \reset@color 
l.1357 \end{document}
                     
? 
! Undefined control sequence.
\set@color ...\@pdfcolorstack push{\current@color 
                                                  }\aftergroup \reset@color 
l.1357 \end{document}
                     
? 
[46] (./report.aux) )
(\end occurred inside a group at level 2)

### semi simple group (level 2) entered at line 850 (\begingroup)
### semi simple group (level 1) entered at line 846 (\begingroup)
### bottom level 
Here is how much of TeX's memory you used:
 12913 strings out of 483140
 255096 string characters out of 5965152
 567976 words of memory out of 5000000
 27748 multiletter control sequences out of 15000+600000
 537544 words of font info for 41 fonts, out of 8000000 for 9000
 36 hyphenation exceptions out of 8191
 59i,6n,75p,847b,1426s stack positions out of 5000i,500n,10000p,200000b,80000s
</usr/share/texlive/texmf-dist/fonts/type1/public/amsfonts/cm/c
mbx12.pfb></usr/share/texlive/texmf-dist/fonts/type1/public/amsfonts/cm/cmmi9.p
fb></usr/share/texlive/texmf-dist/fonts/type1/public/amsfonts/cm/cmr10.pfb></us
r/share/texlive/texmf-dist/fonts/type1/public/amsfonts/cm/cmr12.pfb></usr/share
/texlive/texmf-dist/fonts/type1/public/amsfonts/cm/cmr17.pfb></usr/share/texliv
e/texmf-dist/fonts/type1/public/amsfonts/cm/cmr9.pfb></usr/share/texlive/texmf-
dist/fonts/type1/public/amsfonts/cm/cmsy9.pfb></usr/share/texlive/texmf-dist/fo
nts/type1/public/amsfonts/cm/cmti12.pfb>
Output written on report.pdf (46 pages, 8933444 bytes).
PDF statistics:
 215 PDF objects out of 1000 (max. 8388607)
 131 compressed objects within 2 object streams
 0 named destinations out of 1000 (max. 500000)
 143 words of extra memory for PDF output out of 10000 (max. 10000000)

